Determining if the pthread_create exist failed with the following output:
Change Dir: /root/astromech/build/astromech_description/CMakeFiles/CMakeTmp

Run Build Command:"/usr/bin/make" "cmTC_bb781/fast"
/usr/bin/make -f CMakeFiles/cmTC_bb781.dir/build.make CMakeFiles/cmTC_bb781.dir/build
make[1]: Entering directory '/root/astromech/build/astromech_description/CMakeFiles/CMakeTmp'
Building C object CMakeFiles/cmTC_bb781.dir/CheckSymbolExists.c.o
/usr/bin/cc     -o CMakeFiles/cmTC_bb781.dir/CheckSymbolExists.c.o   -c /root/astromech/build/astromech_description/CMakeFiles/CMakeTmp/CheckSymbolExists.c
Linking C executable cmTC_bb781
/usr/bin/cmake -E cmake_link_script CMakeFiles/cmTC_bb781.dir/link.txt --verbose=1
/usr/bin/cc       CMakeFiles/cmTC_bb781.dir/CheckSymbolExists.c.o  -o cmTC_bb781 -rdynamic 
CMakeFiles/cmTC_bb781.dir/CheckSymbolExists.c.o: In function `main':
CheckSymbolExists.c:(.text+0x16): undefined reference to `pthread_create'
collect2: error: ld returned 1 exit status
CMakeFiles/cmTC_bb781.dir/build.make:97: recipe for target 'cmTC_bb781' failed
make[1]: *** [cmTC_bb781] Error 1
make[1]: Leaving directory '/root/astromech/build/astromech_description/CMakeFiles/CMakeTmp'
Makefile:126: recipe for target 'cmTC_bb781/fast' failed
make: *** [cmTC_bb781/fast] Error 2

File /root/astromech/build/astromech_description/CMakeFiles/CMakeTmp/CheckSymbolExists.c:
/* */
#include <pthread.h>

int main(int argc, char** argv)
{
  (void)argv;
#ifndef pthread_create
  return ((int*)(&pthread_create))[argc];
#else
  (void)argc;
  return 0;
#endif
}

Determining if the function pthread_create exists in the pthreads failed with the following output:
Change Dir: /root/astromech/build/astromech_description/CMakeFiles/CMakeTmp

Run Build Command:"/usr/bin/make" "cmTC_5e987/fast"
/usr/bin/make -f CMakeFiles/cmTC_5e987.dir/build.make CMakeFiles/cmTC_5e987.dir/build
make[1]: Entering directory '/root/astromech/build/astromech_description/CMakeFiles/CMakeTmp'
Building C object CMakeFiles/cmTC_5e987.dir/CheckFunctionExists.c.o
/usr/bin/cc    -DCHECK_FUNCTION_EXISTS=pthread_create   -o CMakeFiles/cmTC_5e987.dir/CheckFunctionExists.c.o   -c /usr/share/cmake-3.5/Modules/CheckFunctionExists.c
Linking C executable cmTC_5e987
/usr/bin/cmake -E cmake_link_script CMakeFiles/cmTC_5e987.dir/link.txt --verbose=1
/usr/bin/cc   -DCHECK_FUNCTION_EXISTS=pthread_create    CMakeFiles/cmTC_5e987.dir/CheckFunctionExists.c.o  -o cmTC_5e987 -rdynamic -lpthreads 
/usr/bin/ld: cannot find -lpthreads
collect2: error: ld returned 1 exit status
CMakeFiles/cmTC_5e987.dir/build.make:97: recipe for target 'cmTC_5e987' failed
make[1]: *** [cmTC_5e987] Error 1
make[1]: Leaving directory '/root/astromech/build/astromech_description/CMakeFiles/CMakeTmp'
Makefile:126: recipe for target 'cmTC_5e987/fast' failed
make: *** [cmTC_5e987/fast] Error 2


