Determining if the pthread_create exist failed with the following output:
Change Dir: /root/astromech/build/astromech_control/CMakeFiles/CMakeTmp

Run Build Command:"/usr/bin/make" "cmTC_4458c/fast"
/usr/bin/make -f CMakeFiles/cmTC_4458c.dir/build.make CMakeFiles/cmTC_4458c.dir/build
make[1]: Entering directory '/root/astromech/build/astromech_control/CMakeFiles/CMakeTmp'
Building C object CMakeFiles/cmTC_4458c.dir/CheckSymbolExists.c.o
/usr/bin/cc     -o CMakeFiles/cmTC_4458c.dir/CheckSymbolExists.c.o   -c /root/astromech/build/astromech_control/CMakeFiles/CMakeTmp/CheckSymbolExists.c
Linking C executable cmTC_4458c
/usr/bin/cmake -E cmake_link_script CMakeFiles/cmTC_4458c.dir/link.txt --verbose=1
/usr/bin/cc       CMakeFiles/cmTC_4458c.dir/CheckSymbolExists.c.o  -o cmTC_4458c -rdynamic 
CMakeFiles/cmTC_4458c.dir/CheckSymbolExists.c.o: In function `main':
CheckSymbolExists.c:(.text+0x16): undefined reference to `pthread_create'
collect2: error: ld returned 1 exit status
CMakeFiles/cmTC_4458c.dir/build.make:97: recipe for target 'cmTC_4458c' failed
make[1]: *** [cmTC_4458c] Error 1
make[1]: Leaving directory '/root/astromech/build/astromech_control/CMakeFiles/CMakeTmp'
Makefile:126: recipe for target 'cmTC_4458c/fast' failed
make: *** [cmTC_4458c/fast] Error 2

File /root/astromech/build/astromech_control/CMakeFiles/CMakeTmp/CheckSymbolExists.c:
/* */
#include <pthread.h>

int main(int argc, char** argv)
{
  (void)argv;
#ifndef pthread_create
  return ((int*)(&pthread_create))[argc];
#else
  (void)argc;
  return 0;
#endif
}

Determining if the function pthread_create exists in the pthreads failed with the following output:
Change Dir: /root/astromech/build/astromech_control/CMakeFiles/CMakeTmp

Run Build Command:"/usr/bin/make" "cmTC_c3521/fast"
/usr/bin/make -f CMakeFiles/cmTC_c3521.dir/build.make CMakeFiles/cmTC_c3521.dir/build
make[1]: Entering directory '/root/astromech/build/astromech_control/CMakeFiles/CMakeTmp'
Building C object CMakeFiles/cmTC_c3521.dir/CheckFunctionExists.c.o
/usr/bin/cc    -DCHECK_FUNCTION_EXISTS=pthread_create   -o CMakeFiles/cmTC_c3521.dir/CheckFunctionExists.c.o   -c /usr/share/cmake-3.5/Modules/CheckFunctionExists.c
Linking C executable cmTC_c3521
/usr/bin/cmake -E cmake_link_script CMakeFiles/cmTC_c3521.dir/link.txt --verbose=1
/usr/bin/cc   -DCHECK_FUNCTION_EXISTS=pthread_create    CMakeFiles/cmTC_c3521.dir/CheckFunctionExists.c.o  -o cmTC_c3521 -rdynamic -lpthreads 
/usr/bin/ld: cannot find -lpthreads
collect2: error: ld returned 1 exit status
CMakeFiles/cmTC_c3521.dir/build.make:97: recipe for target 'cmTC_c3521' failed
make[1]: *** [cmTC_c3521] Error 1
make[1]: Leaving directory '/root/astromech/build/astromech_control/CMakeFiles/CMakeTmp'
Makefile:126: recipe for target 'cmTC_c3521/fast' failed
make: *** [cmTC_c3521/fast] Error 2


